2021-12-26 18:19:35,132 answer_thread.py[28] INFO thread_00 开始工作
2021-12-26 18:19:35,132 answer_thread.py[28] INFO thread_01 开始工作
2021-12-26 18:19:35,133 answer_thread.py[28] INFO thread_02 开始工作
2021-12-26 18:20:00,879 answer_thread.py[33] INFO thread_02 结束工作
2021-12-26 18:20:01,806 answer_thread.py[33] INFO thread_00 结束工作
2021-12-26 18:20:05,839 answer_thread.py[33] INFO thread_01 结束工作
2021-12-26 18:28:09  INFO thread_00 开始工作
2021-12-26 18:28:09  INFO thread_02 开始工作
2021-12-26 18:28:09  INFO thread_01 开始工作
2021-12-26 18:32:49  INFO thread_00 开始工作
2021-12-26 18:32:49  INFO thread_01 开始工作
2021-12-26 18:32:49  INFO thread_02 开始工作
2021-12-26 18:34:45  INFO thread_01 开始工作
2021-12-26 18:34:45  INFO thread_00 开始工作
2021-12-26 18:34:45  INFO thread_02 开始工作
2021-12-26 18:34:46  INFO thread_02 完成了对 1253063925 的访问
2021-12-26 18:34:46  INFO thread_01 完成了对 534593161  的访问
2021-12-26 18:34:47  INFO thread_02 完成了对 573312387  的访问
2021-12-26 18:34:48  INFO thread_01 完成了对 587497114  的访问
2021-12-26 18:34:49  INFO thread_01 完成了对 2226614697 的访问
2021-12-26 18:34:52  INFO thread_00 完成了对 617426331  的访问
2021-12-26 18:34:52  INFO thread_01 完成了对 558254185  的访问
2021-12-26 18:34:53  INFO thread_02 完成了对 1580512758 的访问
2021-12-26 18:34:54  INFO thread_02 完成了对 707590101  的访问
2021-12-26 18:34:55  INFO thread_02 完成了对 294433732  的访问
2021-12-26 18:34:56  INFO thread_00 完成了对 698142622  的访问
2021-12-26 18:35:04  INFO thread_00 完成了对 892096061  的访问
2021-12-26 18:35:05  INFO thread_00 完成了对 881944618  的访问
2021-12-26 18:35:07  INFO thread_00 完成了对 449535943  的访问
2021-12-26 18:35:14  INFO thread_00 完成了对 894721186  的访问
2021-12-26 18:35:19  INFO thread_01 完成了对 1959229533 的访问
2021-12-26 18:35:21  INFO thread_01 完成了对 1288320971 的访问
2021-12-26 18:35:22  INFO thread_01 完成了对 745932394  的访问
2021-12-26 18:35:23  INFO thread_00 完成了对 991553217  的访问
2021-12-26 18:35:23  INFO thread_01 完成了对 649982272  的访问
2021-12-26 18:35:27  INFO thread_01 完成了对 491808392  的访问
2021-12-26 18:35:27  INFO thread_02 完成了对 2097022377 的访问
2021-12-26 18:35:28  INFO thread_02 完成了对 584273102  的访问
2021-12-26 18:35:29  INFO thread_02 完成了对 293979246  的访问
2021-12-26 18:35:30  INFO thread_00 完成了对 453559578  的访问
2021-12-26 18:35:34  INFO thread_01 完成了对 2151094403 的访问
2021-12-26 18:35:35  INFO thread_01 完成了对 2228538172 的访问
2021-12-26 18:35:36  INFO thread_01 完成了对 578333408  的访问
2021-12-26 18:35:36  INFO thread_01 结束工作
2021-12-26 18:35:37  INFO thread_00 完成了对 925530848  的访问
2021-12-26 18:35:37  INFO thread_00 结束工作
2021-12-26 18:35:43  INFO thread_02 完成了对 513340119  的访问
2021-12-26 18:35:43  INFO thread_02 结束工作
2021-12-26 18:43:24  INFO thread_00 开始工作
2021-12-26 18:43:24  INFO thread_01 开始工作
2021-12-26 18:43:24  INFO thread_02 开始工作
2021-12-26 18:43:25  INFO thread_00 完成了对 1188293199   的访问
2021-12-26 18:43:27  INFO thread_00 完成了对 1343417567   的访问
2021-12-26 18:43:27  INFO thread_01 完成了对 1210703151   的访问
2021-12-26 18:43:28  INFO thread_00 完成了对 820393877    的访问
2021-12-26 18:43:30  INFO thread_01 完成了对 1212406740   的访问
2021-12-26 18:43:31  INFO thread_02 完成了对 1211849577   的访问
2021-12-26 18:43:32  INFO thread_02 完成了对 963841033    的访问
2021-12-26 18:43:38  INFO thread_01 完成了对 954864061    的访问
2021-12-26 18:43:38  INFO thread_00 完成了对 892818176    的访问
2021-12-26 18:43:43  INFO thread_01 完成了对 1232049308   的访问
2021-12-26 18:44:17  INFO thread_00 开始工作
2021-12-26 18:44:17  INFO thread_01 开始工作
2021-12-26 18:44:17  INFO thread_02 开始工作
2021-12-26 18:44:18  INFO thread_00 完成了对 968114683    的访问
2021-12-26 18:45:34  INFO thread_00 开始工作
2021-12-26 18:45:34  INFO thread_01 开始工作
2021-12-26 18:45:34  INFO thread_02 开始工作
2021-12-26 18:45:36  INFO thread_02 完成了对 1210781954   的访问
2021-12-26 18:45:36  INFO thread_01 完成了对 886762619    的访问
2021-12-26 18:45:39  INFO thread_00 完成了对 968114683    的访问
2021-12-26 18:45:43  INFO thread_02 完成了对 1054011342   的访问
2021-12-26 18:45:45  INFO thread_01 完成了对 1211849577   的访问
2021-12-26 18:45:53  INFO thread_00 完成了对 1188293199   的访问
2021-12-26 18:45:55  INFO thread_02 完成了对 1210703151   的访问
2021-12-26 18:45:56  INFO thread_02 完成了对 963841033    的访问
2021-12-26 18:45:58  INFO thread_02 完成了对 1214075531   的访问
2021-12-26 18:46:01  INFO thread_02 完成了对 860982910    的访问
2021-12-26 18:46:07  INFO thread_00 完成了对 892818176    的访问
2021-12-26 18:46:08  INFO thread_02 完成了对 1209417137   的访问
2021-12-26 18:46:11  INFO thread_02 完成了对 1211162541   的访问
2021-12-26 18:46:14  INFO thread_02 完成了对 1209819826   的访问
2021-12-26 18:46:23  INFO thread_01 完成了对 880740776    的访问
2021-12-26 18:46:25  INFO thread_00 完成了对 872697113    的访问
2021-12-26 18:46:26  INFO thread_00 完成了对 1211137830   的访问
2021-12-26 18:46:27  INFO thread_02 完成了对 944082468    的访问
2021-12-26 18:46:29  INFO thread_00 完成了对 722150819    的访问
2021-12-26 18:46:31  INFO thread_01 完成了对 1257410662   的访问
2021-12-26 18:46:33  INFO thread_00 完成了对 1214928474   的访问
2021-12-26 18:46:39  INFO thread_00 完成了对 752061905    的访问
2021-12-26 18:46:42  INFO thread_00 完成了对 959935128    的访问
2021-12-26 18:46:47  INFO thread_02 完成了对 1285173729   的访问
2021-12-26 18:46:49  INFO thread_02 完成了对 1250242080   的访问
2021-12-26 18:46:49  INFO thread_00 完成了对 1234721666   的访问
2021-12-26 18:46:52  INFO thread_01 完成了对 974319424    的访问
2021-12-26 18:46:55  INFO thread_01 完成了对 870960477    的访问
2021-12-26 18:46:56  INFO thread_01 完成了对 1548740146   的访问
2021-12-26 18:46:56  INFO thread_00 完成了对 954115908    的访问
2021-12-26 18:46:57  INFO thread_01 完成了对 1210993372   的访问
2021-12-26 18:46:57  INFO thread_02 完成了对 1395778040   的访问
2021-12-26 18:46:58  INFO thread_02 完成了对 1969845111   的访问
2021-12-26 18:47:00  INFO thread_02 完成了对 1569226184   的访问
2021-12-26 18:47:03  INFO thread_00 完成了对 1262286683   的访问
2021-12-26 18:47:04  INFO thread_00 完成了对 906563570    的访问
2021-12-26 18:47:07  INFO thread_02 完成了对 879451257    的访问
2021-12-26 18:47:08  INFO thread_00 完成了对 933076290    的访问
2021-12-26 18:47:09  INFO thread_00 完成了对 820393877    的访问
2021-12-26 18:47:10  INFO thread_02 完成了对 1212406740   的访问
2021-12-26 18:47:12  INFO thread_02 完成了对 954864061    的访问
2021-12-26 18:47:14  INFO thread_01 完成了对 971633511    的访问
2021-12-26 18:47:18  INFO thread_02 完成了对 873421913    的访问
2021-12-26 18:47:19  INFO thread_02 完成了对 906046199    的访问
2021-12-26 18:47:21  INFO thread_01 完成了对 1232049308   的访问
2021-12-26 18:47:22  INFO thread_01 完成了对 1255531895   的访问
2021-12-26 18:47:23  INFO thread_00 完成了对 1343417567   的访问
2021-12-26 18:48:36  INFO thread_01 开始工作
2021-12-26 18:48:36  INFO thread_02 开始工作
2021-12-26 18:48:36  INFO thread_03 开始工作
2021-12-26 18:48:37  INFO thread_03 完成了对 1052121015   的访问
2021-12-26 18:48:37  INFO thread_02 完成了对 193449761    的访问
2021-12-26 18:48:40  INFO thread_02 完成了对 180020947    的访问
2021-12-26 18:48:40  INFO thread_03 完成了对 296001871    的访问
2021-12-26 18:48:41  INFO thread_02 完成了对 1809329123   的访问
2021-12-26 18:48:42  INFO thread_02 完成了对 2200882250   的访问
2021-12-26 18:48:44  INFO thread_03 完成了对 293827335    的访问
2021-12-26 18:48:44  INFO thread_01 完成了对 1272935478   的访问
2021-12-26 18:48:44  INFO thread_02 完成了对 147483925    的访问
2021-12-26 18:48:45  INFO thread_03 完成了对 342155599    的访问
2021-12-26 18:48:45  INFO thread_02 完成了对 386531830    的访问
2021-12-26 18:48:47  INFO thread_01 完成了对 284769766    的访问
2021-12-26 18:48:47  INFO thread_02 完成了对 193310318    的访问
2021-12-26 18:48:48  INFO thread_01 完成了对 342931135    的访问
2021-12-26 18:48:50  INFO thread_03 完成了对 292891231    的访问
2021-12-26 18:48:50  INFO thread_02 完成了对 342980351    的访问
2021-12-26 18:48:56  INFO thread_01 完成了对 131780211    的访问
2021-12-26 18:48:57  INFO thread_01 完成了对 1274404555   的访问
2021-12-26 18:48:58  INFO thread_01 完成了对 395261779    的访问
2021-12-26 18:49:00  INFO thread_01 完成了对 386605002    的访问
2021-12-26 18:49:01  INFO thread_03 完成了对 721319061    的访问
2021-12-26 18:49:01  INFO thread_01 完成了对 1524958495   的访问
2021-12-26 18:49:01  INFO thread_01 结束工作
2021-12-26 18:49:10  INFO thread_03 完成了对 342564815    的访问
2021-12-26 18:49:10  INFO thread_03 结束工作
2021-12-26 18:49:10  INFO thread_02 完成了对 409128036    的访问
2021-12-26 18:49:10  INFO thread_02 结束工作
2021-12-26 18:52:57  INFO thread_01 开始工作
2021-12-26 18:52:57  INFO thread_02 开始工作
2021-12-26 18:52:57  INFO thread_03 开始工作
2021-12-26 18:52:58  INFO thread_01 完成了对 1010216624 的访问
2021-12-26 18:53:05  INFO thread_03 完成了对 511176402  的访问
2021-12-26 18:53:06  INFO thread_03 完成了对  84888139  的访问
2021-12-26 18:53:06  INFO thread_01 完成了对 2045993300 的访问
2021-12-26 18:53:15  INFO thread_03 完成了对 718375021  的访问
2021-12-26 18:53:26  INFO thread_02 完成了对 2242599605 的访问
2021-12-26 18:53:26  INFO thread_01 完成了对 2229994894 的访问
2021-12-26 18:53:29  INFO thread_03 完成了对  42867527  的访问
2021-12-26 18:53:31  INFO thread_03 完成了对 2223356358 的访问
2021-12-26 18:53:43  INFO thread_03 完成了对  19649379  的访问
2021-12-26 18:53:44  INFO thread_02 完成了对 1936988320 的访问
2021-12-26 18:53:47  INFO thread_01 完成了对  88891676  的访问
2021-12-26 18:53:48  INFO thread_01 完成了对  34234873  的访问
2021-12-26 18:53:49  INFO thread_01 完成了对 708759917  的访问
2021-12-26 18:54:47  INFO thread_01 开始工作
2021-12-26 18:54:47  INFO thread_02 开始工作
2021-12-26 18:54:47  INFO thread_03 开始工作
2021-12-26 18:54:48  INFO thread_03 完成了对 681488997  的访问
2021-12-26 18:54:48  INFO thread_02 完成了对 681987699  的访问
2021-12-26 18:54:49  INFO thread_03 完成了对 693258766  的访问
2021-12-26 18:54:50  INFO thread_03 完成了对 738958472  的访问
2021-12-26 18:54:51  INFO thread_01 完成了对 696653907  的访问
2021-12-26 18:54:54  INFO thread_02 完成了对 682680718  的访问
2021-12-26 18:54:54  INFO thread_01 完成了对 682172834  的访问
2021-12-26 18:54:55  INFO thread_01 完成了对 685795903  的访问
2021-12-26 18:54:56  INFO thread_01 完成了对 681386187  的访问
2021-12-26 18:54:57  INFO thread_02 完成了对 682596817  的访问
2021-12-26 18:54:58  INFO thread_02 完成了对 682039976  的访问
2021-12-26 18:55:02  INFO thread_01 完成了对 699960182  的访问
2021-12-26 18:55:05  INFO thread_03 完成了对 681540518  的访问
2021-12-26 18:55:06  INFO thread_01 完成了对 699098884  的访问
2021-12-26 18:55:07  INFO thread_02 完成了对 682249238  的访问
2021-12-26 18:55:08  INFO thread_03 完成了对 690482947  的访问
2021-12-26 18:55:08  INFO thread_01 完成了对 710667548  的访问
2021-12-26 18:55:11  INFO thread_01 完成了对 685643942  的访问
2021-12-26 18:55:13  INFO thread_01 完成了对 710850462  的访问
2021-12-26 18:55:14  INFO thread_01 完成了对 1111527460 的访问
2021-12-26 18:55:15  INFO thread_02 完成了对 714520336  的访问
2021-12-26 18:55:17  INFO thread_02 完成了对 681604143  的访问
2021-12-26 18:55:18  INFO thread_02 完成了对 681946276  的访问
2021-12-26 18:55:19  INFO thread_03 完成了对 695306732  的访问
2021-12-26 18:55:22  INFO thread_02 完成了对 682516572  的访问
2021-12-26 18:55:23  INFO thread_02 完成了对 706881840  的访问
2021-12-26 18:55:24  INFO thread_01 完成了对 1098016648 的访问
2021-12-26 18:55:25  INFO thread_02 完成了对 682732864  的访问
2021-12-26 18:55:25  INFO thread_01 完成了对 688711357  的访问
2021-12-26 18:55:26  INFO thread_03 完成了对 704942019  的访问
2021-12-26 18:55:26  INFO thread_02 完成了对 710092280  的访问
2021-12-26 18:55:27  INFO thread_03 完成了对 681521720  的访问
2021-12-26 18:55:27  INFO thread_03 结束工作
2021-12-26 18:55:29  INFO thread_02 完成了对 681368249  的访问
2021-12-26 18:55:29  INFO thread_02 结束工作
2021-12-26 18:55:32  INFO thread_01 完成了对 681745175  的访问
2021-12-26 18:55:32  INFO thread_01 结束工作
2021-12-26 18:58:26  INFO thread_01 开始工作
2021-12-26 18:58:26  INFO thread_02 开始工作
2021-12-26 18:58:26  INFO thread_03 开始工作
2021-12-26 18:58:27  INFO thread_03 完成了对回答ID 382214768  的访问
2021-12-26 18:58:34  INFO thread_02 完成了对回答ID 380118657  的访问
2021-12-26 18:58:34  INFO thread_01 完成了对回答ID 380008192  的访问
2021-12-26 18:58:35  INFO thread_02 完成了对回答ID 378417207  的访问
2021-12-26 18:58:42  INFO thread_01 完成了对回答ID 378317280  的访问
2021-12-26 18:58:43  INFO thread_01 完成了对回答ID 381401809  的访问
2021-12-26 18:58:46  INFO thread_01 完成了对回答ID 378285786  的访问
2021-12-26 18:58:49  INFO thread_02 完成了对回答ID 379120980  的访问
2021-12-26 18:58:52  INFO thread_01 完成了对回答ID 681934109  的访问
2021-12-26 18:58:53  INFO thread_02 完成了对回答ID 380371463  的访问
2021-12-26 18:58:53  INFO thread_01 完成了对回答ID 377571250  的访问
2021-12-26 18:58:55  INFO thread_01 完成了对回答ID 378268580  的访问
2021-12-26 18:58:56  INFO thread_01 完成了对回答ID 382118306  的访问
2021-12-26 18:58:57  INFO thread_03 完成了对回答ID 380072484  的访问
2021-12-26 18:58:58  INFO thread_03 完成了对回答ID 378293415  的访问
2021-12-26 18:58:59  INFO thread_03 完成了对回答ID 381707073  的访问
2021-12-26 18:59:00  INFO thread_02 完成了对回答ID 381957873  的访问
2021-12-26 18:59:01  INFO thread_02 完成了对回答ID 379141935  的访问
2021-12-26 18:59:02  INFO thread_02 完成了对回答ID 378404786  的访问
2021-12-26 18:59:02  INFO thread_01 完成了对回答ID 378515605  的访问
2021-12-26 18:59:04  INFO thread_02 完成了对回答ID 378923959  的访问
2021-12-26 18:59:05  INFO thread_02 完成了对回答ID 440253786  的访问
2021-12-26 18:59:07  INFO thread_03 完成了对回答ID 379491746  的访问
2021-12-26 18:59:13  INFO thread_02 完成了对回答ID 381118888  的访问
2021-12-26 18:59:14  INFO thread_02 完成了对回答ID 397283799  的访问
2021-12-26 18:59:15  INFO thread_02 完成了对回答ID 378578140  的访问
2021-12-26 18:59:16  INFO thread_02 完成了对回答ID 381607507  的访问
2021-12-26 18:59:16  INFO thread_03 完成了对回答ID 381146893  的访问
2021-12-26 18:59:18  INFO thread_03 完成了对回答ID 380968162  的访问
2021-12-26 18:59:23  INFO thread_02 完成了对回答ID 381073035  的访问
2021-12-26 18:59:24  INFO thread_02 完成了对回答ID 540642726  的访问
2021-12-26 18:59:24  INFO thread_01 完成了对回答ID 379083085  的访问
2021-12-26 18:59:25  INFO thread_02 完成了对回答ID 377580467  的访问
2021-12-26 18:59:27  INFO thread_02 完成了对回答ID 382734379  的访问
2021-12-26 18:59:29  INFO thread_02 完成了对回答ID 379407039  的访问
2021-12-26 18:59:29  INFO thread_03 完成了对回答ID 378789161  的访问
2021-12-26 18:59:33  INFO thread_03 完成了对回答ID 378539135  的访问
2021-12-26 18:59:33  INFO thread_03 结束工作
2021-12-26 18:59:35  INFO thread_01 完成了对回答ID 396931375  的访问
2021-12-26 18:59:35  INFO thread_01 结束工作
2021-12-26 18:59:35  INFO thread_02 完成了对回答ID 379308791  的访问
2021-12-26 18:59:35  INFO thread_02 结束工作
2021-12-26 19:00:41  INFO thread_01 开始工作
2021-12-26 19:00:41  INFO thread_03 开始工作
2021-12-26 19:00:41  INFO thread_02 开始工作
2021-12-26 19:00:52  INFO thread_03 完成了对回答ID 1531156334 的访问
2021-12-26 19:00:53  INFO thread_03 完成了对回答ID 428071564  的访问
2021-12-26 19:00:56  INFO thread_01 完成了对回答ID 656614345  的访问
2021-12-26 19:01:01  INFO thread_01 完成了对回答ID 1289876102 的访问
2021-12-26 19:01:02  INFO thread_01 完成了对回答ID 626142611  的访问
2021-12-26 19:01:10  INFO thread_03 完成了对回答ID 283094677  的访问
2021-12-26 19:01:14  INFO thread_01 完成了对回答ID 1891548678 的访问
2021-12-26 19:01:20  INFO thread_02 完成了对回答ID 2281538769 的访问
2021-12-26 19:01:20  INFO thread_01 完成了对回答ID 279987625  的访问
2021-12-26 19:01:22  INFO thread_01 完成了对回答ID 776966665  的访问
2021-12-26 19:01:24  INFO thread_01 完成了对回答ID 279702041  的访问
2021-12-26 19:01:32  INFO thread_01 完成了对回答ID 1523538243 的访问
2021-12-26 19:01:34  INFO thread_02 完成了对回答ID 1523610524 的访问
2021-12-26 19:01:34  INFO thread_02 结束工作
2021-12-26 19:01:35  INFO thread_01 完成了对回答ID 1524157354 的访问
2021-12-26 19:01:35  INFO thread_01 结束工作
2021-12-26 19:01:50  INFO thread_03 完成了对回答ID 279626192  的访问
2021-12-26 19:01:50  INFO thread_03 结束工作
2021-12-26 19:06:41  INFO thread_01 开始工作
2021-12-26 19:06:41  INFO thread_03 开始工作
2021-12-26 19:06:41  INFO thread_02 开始工作
2021-12-26 19:06:46  INFO thread_02 完成了对回答ID 378268580  的访问
2021-12-26 19:06:46  INFO thread_03 完成了对回答ID 381957873  的访问
2021-12-26 19:07:09  INFO thread_03 完成了对回答ID 378293415  的访问
2021-12-26 19:07:17  INFO thread_03 完成了对回答ID 381707073  的访问
2021-12-26 19:07:23  INFO thread_02 完成了对回答ID 378515605  的访问
2021-12-26 19:07:24  INFO thread_01 完成了对回答ID 382118306  的访问
2021-12-26 19:07:27  INFO thread_01 完成了对回答ID 378404786  的访问
2021-12-26 19:07:29  INFO thread_03 完成了对回答ID 379491746  的访问
2021-12-26 19:07:33  INFO thread_03 完成了对回答ID 379083085  的访问
2021-12-26 19:07:40  INFO thread_01 完成了对回答ID 378923959  的访问
2021-12-26 19:07:44  INFO thread_01 完成了对回答ID 381118888  的访问
2021-12-26 19:07:49  INFO thread_03 完成了对回答ID 440253786  的访问
2021-12-26 19:08:04  INFO thread_03 完成了对回答ID 380008192  的访问
2021-12-26 19:08:06  INFO thread_03 完成了对回答ID 380118657  的访问
2021-12-26 19:08:11  INFO thread_03 完成了对回答ID 382214768  的访问
2021-12-26 19:08:13  INFO thread_03 完成了对回答ID 380072484  的访问
2021-12-26 19:08:14  INFO thread_01 完成了对回答ID 381146893  的访问
2021-12-26 19:08:18  INFO thread_02 完成了对回答ID 379141935  的访问
2021-12-26 19:08:21  INFO thread_02 完成了对回答ID 380371463  的访问
2021-12-26 19:08:21  INFO thread_03 完成了对回答ID 397283799  的访问
2021-12-26 19:08:21  INFO thread_01 完成了对回答ID 378578140  的访问
2021-12-26 19:08:22  INFO thread_01 完成了对回答ID 381073035  的访问
2021-12-26 19:08:25  INFO thread_01 完成了对回答ID 380968162  的访问
2021-12-26 19:08:27  INFO thread_02 完成了对回答ID 377571250  的访问
2021-12-26 19:08:38  INFO thread_03 完成了对回答ID 381607507  的访问
2021-12-26 19:08:38  INFO thread_02 完成了对回答ID 540642726  的访问
2021-12-26 19:08:39  INFO thread_02 完成了对回答ID 396931375  的访问
2021-12-26 19:08:41  INFO thread_03 完成了对回答ID 377580467  的访问
2021-12-26 19:08:43  INFO thread_02 完成了对回答ID 382734379  的访问
2021-12-26 19:08:46  INFO thread_03 完成了对回答ID 379407039  的访问
2021-12-26 19:08:47  INFO thread_02 完成了对回答ID 379308791  的访问
2021-12-26 19:08:52  INFO thread_03 完成了对回答ID 378539135  的访问
2021-12-26 19:08:53  INFO thread_03 完成了对回答ID 378417207  的访问
2021-12-26 19:08:54  INFO thread_01 完成了对回答ID 378789161  的访问
2021-12-26 19:08:54  INFO thread_03 完成了对回答ID 379120980  的访问
2021-12-26 19:08:55  INFO thread_02 完成了对回答ID 378317280  的访问
2021-12-26 19:09:00  INFO thread_03 完成了对回答ID 681934109  的访问
2021-12-26 19:09:00  INFO thread_03 结束工作
2021-12-26 19:09:07  INFO thread_01 完成了对回答ID 381401809  的访问
2021-12-26 19:09:07  INFO thread_01 结束工作
2021-12-26 19:09:07  INFO thread_02 完成了对回答ID 378285786  的访问
2021-12-26 19:09:07  INFO thread_02 结束工作
2021-12-26 19:10:50  INFO thread_01 开始工作
2021-12-26 19:10:50  INFO thread_03 开始工作
2021-12-26 19:10:50  INFO thread_02 开始工作
2021-12-26 19:10:52  INFO thread_03 完成了对回答ID 1632598934 的访问
2021-12-26 19:10:53  INFO thread_03 完成了对回答ID 1618640335 的访问
2021-12-26 19:11:01  INFO thread_03 完成了对回答ID 2003274648 的访问
2021-12-26 19:11:04  INFO thread_03 完成了对回答ID 1675242036 的访问
2021-12-26 19:11:08  INFO thread_01 完成了对回答ID 1617680384 的访问
2021-12-26 19:11:09  INFO thread_02 完成了对回答ID 1673581787 的访问
2021-12-26 19:11:10  INFO thread_02 完成了对回答ID 1614076578 的访问
2021-12-26 19:11:10  INFO thread_03 完成了对回答ID 1634072465 的访问
2021-12-26 19:11:15  INFO thread_01 完成了对回答ID 1653087444 的访问
2021-12-26 19:11:16  INFO thread_02 完成了对回答ID 1608510100 的访问
2021-12-26 19:11:20  INFO thread_01 完成了对回答ID 1659276176 的访问
2021-12-26 19:11:20  INFO thread_03 完成了对回答ID 1675075563 的访问
2021-12-26 19:11:21  INFO thread_03 完成了对回答ID 1626595813 的访问
2021-12-26 19:11:22  INFO thread_01 完成了对回答ID 1671561021 的访问
2021-12-26 19:11:22  INFO thread_03 完成了对回答ID 1597077305 的访问
2021-12-26 19:11:23  INFO thread_01 完成了对回答ID 1627329451 的访问
2021-12-26 19:11:23  INFO thread_03 完成了对回答ID 1620189210 的访问
2021-12-26 19:11:24  INFO thread_01 完成了对回答ID 1620404521 的访问
2021-12-26 19:11:25  INFO thread_01 完成了对回答ID 1593671288 的访问
2021-12-26 19:11:25  INFO thread_03 完成了对回答ID 1616551708 的访问
2021-12-26 19:11:31  INFO thread_01 完成了对回答ID 1593416845 的访问
2021-12-26 19:11:37  INFO thread_02 完成了对回答ID 1606095400 的访问
2021-12-26 19:11:38  INFO thread_02 完成了对回答ID 1670227736 的访问
2021-12-26 19:11:39  INFO thread_01 完成了对回答ID 1661157766 的访问
2021-12-26 19:11:39  INFO thread_02 完成了对回答ID 1592931073 的访问
2021-12-26 19:11:43  INFO thread_03 完成了对回答ID 1657719261 的访问
2021-12-26 19:11:43  INFO thread_02 完成了对回答ID 1664547810 的访问
2021-12-26 19:11:44  INFO thread_02 完成了对回答ID 1643009387 的访问
2021-12-26 19:11:50  INFO thread_03 完成了对回答ID 1621040908 的访问
2021-12-26 19:11:55  INFO thread_02 完成了对回答ID 1625580325 的访问
2021-12-26 19:11:58  INFO thread_01 完成了对回答ID 1641262990 的访问
2021-12-26 19:11:59  INFO thread_02 完成了对回答ID 1639737606 的访问
2021-12-26 19:12:00  INFO thread_01 完成了对回答ID 1621563972 的访问
2021-12-26 19:12:03  INFO thread_01 完成了对回答ID 1610707899 的访问
2021-12-26 19:12:05  INFO thread_01 完成了对回答ID 1602024798 的访问
2021-12-26 19:12:06  INFO thread_02 完成了对回答ID 1625163357 的访问
2021-12-26 19:12:09  INFO thread_01 完成了对回答ID 1674521355 的访问
2021-12-26 19:12:09  INFO thread_03 完成了对回答ID 1622083649 的访问
2021-12-26 19:12:10  INFO thread_03 完成了对回答ID 1700844420 的访问
2021-12-26 19:12:14  INFO thread_02 完成了对回答ID 1671264213 的访问
2021-12-26 19:12:15  INFO thread_03 完成了对回答ID 1629272330 的访问
2021-12-26 19:12:16  INFO thread_02 完成了对回答ID 1666476008 的访问
2021-12-26 19:12:16  INFO thread_03 完成了对回答ID 1643674146 的访问
2021-12-26 19:12:18  INFO thread_03 完成了对回答ID 1627126747 的访问
2021-12-26 19:12:18  INFO thread_02 完成了对回答ID 1618792641 的访问
2021-12-26 19:12:19  INFO thread_03 完成了对回答ID 1653187897 的访问
2021-12-26 19:12:19  INFO thread_02 完成了对回答ID 1623005450 的访问
2021-12-26 19:12:23  INFO thread_01 完成了对回答ID 1592777099 的访问
2021-12-26 19:12:25  INFO thread_02 完成了对回答ID 1652364737 的访问
2021-12-26 19:12:26  INFO thread_01 完成了对回答ID 1672913768 的访问
2021-12-26 19:12:26  INFO thread_02 完成了对回答ID 2214196664 的访问
2021-12-26 19:12:27  INFO thread_01 完成了对回答ID 1632767777 的访问
2021-12-26 19:12:28  INFO thread_03 完成了对回答ID 1675787516 的访问
2021-12-26 19:12:35  INFO thread_02 完成了对回答ID 1632909259 的访问
2021-12-26 19:12:37  INFO thread_02 完成了对回答ID 1635227861 的访问
2021-12-26 19:12:41  INFO thread_03 完成了对回答ID 1613092108 的访问
2021-12-26 19:12:41  INFO thread_02 完成了对回答ID 1624804961 的访问
2021-12-26 19:12:42  INFO thread_03 完成了对回答ID 1669627877 的访问
2021-12-26 19:12:43  INFO thread_03 完成了对回答ID 1619398446 的访问
2021-12-26 19:12:48  INFO thread_02 完成了对回答ID 1628020600 的访问
2021-12-26 19:12:51  INFO thread_03 完成了对回答ID 1629538366 的访问
2021-12-26 19:12:52  INFO thread_01 完成了对回答ID 1664544484 的访问
2021-12-26 19:12:53  INFO thread_02 完成了对回答ID 1644522505 的访问
2021-12-26 19:12:53  INFO thread_03 完成了对回答ID 1595921249 的访问
2021-12-26 19:12:54  INFO thread_02 完成了对回答ID 1636987222 的访问
2021-12-26 19:12:55  INFO thread_03 完成了对回答ID 1618725740 的访问
2021-12-26 19:12:55  INFO thread_01 完成了对回答ID 1620850851 的访问
2021-12-26 19:12:56  INFO thread_03 完成了对回答ID 1593631646 的访问
2021-12-26 19:13:02  INFO thread_02 完成了对回答ID 1659764424 的访问
2021-12-26 19:13:03  INFO thread_01 完成了对回答ID 1594004066 的访问
2021-12-26 19:13:06  INFO thread_03 完成了对回答ID 1626187322 的访问
2021-12-26 19:13:14  INFO thread_01 完成了对回答ID 1655393557 的访问
2021-12-26 19:13:15  INFO thread_03 完成了对回答ID 1634563573 的访问
2021-12-26 19:13:20  INFO thread_02 完成了对回答ID 1672257694 的访问
2021-12-26 19:13:25  INFO thread_02 完成了对回答ID 1602601134 的访问
2021-12-26 19:13:26  INFO thread_02 完成了对回答ID 1676097328 的访问
2021-12-26 19:13:26  INFO thread_03 完成了对回答ID 1635078155 的访问
2021-12-26 19:13:28  INFO thread_01 完成了对回答ID 2025208157 的访问
2021-12-26 19:13:28  INFO thread_03 完成了对回答ID 1615809785 的访问
2021-12-26 19:13:29  INFO thread_01 完成了对回答ID 2145953432 的访问
2021-12-26 19:13:29  INFO thread_01 结束工作
2021-12-26 19:13:31  INFO thread_02 完成了对回答ID 1625872495 的访问
2021-12-26 19:13:31  INFO thread_02 结束工作
2021-12-26 19:13:36  INFO thread_03 完成了对回答ID 1662935274 的访问
2021-12-26 19:13:36  INFO thread_03 结束工作
2021-12-26 19:15:19 answer_thread.py [28] INFO thread_01 开始工作
2021-12-26 19:15:19 answer_thread.py [28] INFO thread_03 开始工作
2021-12-26 19:15:19 answer_thread.py [28] INFO thread_02 开始工作
2021-12-26 19:15:21 answer_thread.py [53] INFO thread_02 完成了对回答ID 2220768681 的访问
2021-12-26 19:15:26 answer_thread.py [53] INFO thread_02 完成了对回答ID 1259874901 的访问
2021-12-26 19:15:26 answer_thread.py [53] INFO thread_03 完成了对回答ID 914017420  的访问
2021-12-26 19:15:27 answer_thread.py [53] INFO thread_01 完成了对回答ID 909796370  的访问
2021-12-26 19:15:33 answer_thread.py [53] INFO thread_02 完成了对回答ID 2138825507 的访问
2021-12-26 19:15:37 answer_thread.py [53] INFO thread_01 完成了对回答ID 909846957  的访问
2021-12-26 19:15:38 answer_thread.py [53] INFO thread_02 完成了对回答ID 1573970620 的访问
2021-12-26 19:15:40 answer_thread.py [53] INFO thread_02 完成了对回答ID 909637561  的访问
2021-12-26 19:15:41 answer_thread.py [53] INFO thread_02 完成了对回答ID 913120331  的访问
2021-12-26 19:15:42 answer_thread.py [53] INFO thread_02 完成了对回答ID 1596554057 的访问
2021-12-26 19:15:43 answer_thread.py [53] INFO thread_02 完成了对回答ID 1520710404 的访问
2021-12-26 19:15:45 answer_thread.py [53] INFO thread_01 完成了对回答ID 909722106  的访问
2021-12-26 19:15:47 answer_thread.py [53] INFO thread_01 完成了对回答ID 920813071  的访问
2021-12-26 19:15:47 answer_thread.py [53] INFO thread_01 完成了对回答ID 1580256195 的访问
2021-12-26 19:15:48 answer_thread.py [53] INFO thread_02 完成了对回答ID 1545766018 的访问
2021-12-26 19:15:51 answer_thread.py [53] INFO thread_02 完成了对回答ID 2172277116 的访问
2021-12-26 19:15:54 answer_thread.py [53] INFO thread_02 完成了对回答ID 909694756  的访问
2021-12-26 19:15:54 answer_thread.py [53] INFO thread_01 完成了对回答ID 1259835457 的访问
2021-12-26 19:15:57 answer_thread.py [53] INFO thread_02 完成了对回答ID 914420272  的访问
2021-12-26 19:15:58 answer_thread.py [53] INFO thread_01 完成了对回答ID 1965629747 的访问
2021-12-26 19:15:59 answer_thread.py [53] INFO thread_01 完成了对回答ID 2134165890 的访问
2021-12-26 19:16:00 answer_thread.py [53] INFO thread_03 完成了对回答ID 1258671199 的访问
2021-12-26 19:16:01 answer_thread.py [53] INFO thread_01 完成了对回答ID 909663791  的访问
2021-12-26 19:16:02 answer_thread.py [53] INFO thread_01 完成了对回答ID 1531824568 的访问
2021-12-26 19:16:05 answer_thread.py [53] INFO thread_03 完成了对回答ID 2243829151 的访问
2021-12-26 19:16:09 answer_thread.py [53] INFO thread_01 完成了对回答ID 909338263  的访问
2021-12-26 19:16:09 answer_thread.py [53] INFO thread_02 完成了对回答ID 1519483998 的访问
2021-12-26 19:16:10 answer_thread.py [53] INFO thread_01 完成了对回答ID 1535891831 的访问
2021-12-26 19:16:11 answer_thread.py [53] INFO thread_01 完成了对回答ID 913835465  的访问
2021-12-26 19:16:12 answer_thread.py [53] INFO thread_01 完成了对回答ID 1519572674 的访问
2021-12-26 19:16:13 answer_thread.py [53] INFO thread_01 完成了对回答ID 2266384034 的访问
2021-12-26 19:16:15 answer_thread.py [53] INFO thread_03 完成了对回答ID 1520749122 的访问
2021-12-26 19:16:15 answer_thread.py [53] INFO thread_02 完成了对回答ID 2142910681 的访问
2021-12-26 19:16:16 answer_thread.py [53] INFO thread_03 完成了对回答ID 1635228611 的访问
2021-12-26 19:16:16 answer_thread.py [53] INFO thread_02 完成了对回答ID 1271867598 的访问
2021-12-26 19:16:17 answer_thread.py [53] INFO thread_02 完成了对回答ID 1524219900 的访问
2021-12-26 19:16:18 answer_thread.py [53] INFO thread_03 完成了对回答ID 1541331431 的访问
2021-12-26 19:16:19 answer_thread.py [53] INFO thread_01 完成了对回答ID 909645599  的访问
2021-12-26 19:16:20 answer_thread.py [53] INFO thread_02 完成了对回答ID 2268821809 的访问
2021-12-26 19:16:21 answer_thread.py [53] INFO thread_01 完成了对回答ID 2207156558 的访问
2021-12-26 19:16:21 answer_thread.py [53] INFO thread_02 完成了对回答ID 1271400603 的访问
2021-12-26 19:16:23 answer_thread.py [53] INFO thread_02 完成了对回答ID 913987174  的访问
2021-12-26 19:16:23 answer_thread.py [33] INFO thread_02 结束工作
2021-12-26 19:16:24 answer_thread.py [53] INFO thread_03 完成了对回答ID 1525529764 的访问
2021-12-26 19:16:24 answer_thread.py [33] INFO thread_03 结束工作
2021-12-26 19:16:26 answer_thread.py [53] INFO thread_01 完成了对回答ID 909650448  的访问
2021-12-26 19:16:26 answer_thread.py [33] INFO thread_01 结束工作
2021-12-26 19:24:56 answer_thread.py [27] INFO thread_01 开始工作
2021-12-26 19:25:27 answer_thread.py [51] INFO thread_01 完成了对回答ID 409746269  的访问
2021-12-26 19:25:34 answer_thread.py [51] INFO thread_01 完成了对回答ID 410958903  的访问
2021-12-26 19:25:50 answer_thread.py [51] INFO thread_01 完成了对回答ID 409993464  的访问
2021-12-26 19:25:52 answer_thread.py [51] INFO thread_01 完成了对回答ID 411213632  的访问
2021-12-26 19:26:07 answer_thread.py [51] INFO thread_01 完成了对回答ID 411793949  的访问
