2021-12-26 18:19:34,558 answer_spider.py[40] INFO 启动对 https://www.zhihu.com/api/v4/questions/307907833/answers?offset=0&limit=20 的访问...
2021-12-26 18:19:35,130 answer_spider.py[54] INFO 共获取16条回答ID
2021-12-26 18:28:04  INFO 启动对 https://www.zhihu.com/api/v4/questions/265406368/answers?offset=0&limit=20 的访问...
2021-12-26 18:28:08  INFO 启动对 https://www.zhihu.com/api/v4/questions/265406368/answers?offset=20&limit=20 的访问...
2021-12-26 18:28:09  INFO 共获取30条回答ID
2021-12-26 18:32:36  INFO 启动对 https://www.zhihu.com/api/v4/questions/265406368/answers?offset=0&limit=20 的访问...
2021-12-26 18:32:37  INFO 启动对 https://www.zhihu.com/api/v4/questions/265406368/answers?offset=20&limit=20 的访问...
2021-12-26 18:32:49  INFO 共获取30条回答ID
2021-12-26 18:34:19  INFO 启动对 https://www.zhihu.com/api/v4/questions/265406368/answers?offset=0&limit=20 的访问...
2021-12-26 18:34:35  INFO 启动对 https://www.zhihu.com/api/v4/questions/265406368/answers?offset=20&limit=20 的访问...
2021-12-26 18:34:45  INFO 共获取30条回答ID
2021-12-26 18:42:07  INFO 开始采集问题ID为330112983的前20个答案
2021-12-26 18:42:10  INFO 开始采集问题ID为330112983的第0到20个的答案
2021-12-26 18:42:58  INFO 开始采集问题ID为330112983的第0到20个的答案
2021-12-26 18:42:59  INFO 开始采集问题ID为330112983的第20到40个的答案
2021-12-26 18:43:00  INFO 开始采集问题ID为330112983的第40到60个的答案
2021-12-26 18:43:06  INFO 开始采集问题ID为330112983的第60到80个的答案
2021-12-26 18:43:24  INFO 共获取68条回答ID
2021-12-26 18:43:47  INFO 开始采集 问题ID 为 330112983 的第 0 到 20 个的回答ID
2021-12-26 18:43:50  INFO 开始采集 问题ID 为 330112983 的第 20 到 40 个的回答ID
2021-12-26 18:44:00  INFO 开始采集 问题ID 为 330112983 的第 40 到 60 个的回答ID
2021-12-26 18:44:00  INFO 开始采集 问题ID 为 330112983 的第 60 到 80 个的回答ID
2021-12-26 18:44:17  INFO 共获取 68 条回答ID
2021-12-26 18:45:00  INFO 正在采集ID为 330112983 的问题的第 0 到 20 个的回答ID
2021-12-26 18:45:05  INFO 正在采集ID为 330112983 的问题的第 20 到 40 个的回答ID
2021-12-26 18:45:13  INFO 正在采集ID为 330112983 的问题的第 40 到 60 个的回答ID
2021-12-26 18:45:22  INFO 正在采集ID为 330112983 的问题的第 60 到 80 个的回答ID
2021-12-26 18:45:34  INFO 共获取 68 条回答ID
2021-12-26 18:48:31  INFO 正在采集ID为 50497906 的问题的第 0     到 20    个的回答ID
2021-12-26 18:48:32  INFO 正在采集ID为 50497906 的问题的第 20    到 40    个的回答ID
2021-12-26 18:48:36  INFO 共获取 24 条回答ID
2021-12-26 18:52:07  INFO 正在采集ID为 20092221 的问题的第   0   到   20  个的回答ID
2021-12-26 18:52:11  INFO 正在采集ID为 20092221 的问题的第   20  到   40  个的回答ID
2021-12-26 18:52:24  INFO 正在采集ID为 20092221 的问题的第   40  到   60  个的回答ID
2021-12-26 18:52:32  INFO 正在采集ID为 20092221 的问题的第   60  到   80  个的回答ID
2021-12-26 18:52:44  INFO 正在采集ID为 20092221 的问题的第   80  到  100  个的回答ID
2021-12-26 18:52:57  INFO 共获取 86 条回答ID
2021-12-26 18:54:23  INFO 正在采集ID为 324115372 的问题的第 0 到 20 个的回答ID
2021-12-26 18:54:33  INFO 正在采集ID为 324115372 的问题的第 20 到 40 个的回答ID
2021-12-26 18:54:47  INFO 共获取 34 条回答ID
2021-12-26 18:58:19  INFO 正在采集ID为 274962880 的问题的第 0 到 20 个回答ID
2021-12-26 18:58:19  INFO 正在采集ID为 274962880 的问题的第 20 到 40 个回答ID
2021-12-26 18:58:26  INFO 共获取 39 条回答ID
2021-12-26 19:00:40  INFO 正在采集ID为 264327809 的问题的第 0 到 20 个回答ID
2021-12-26 19:00:41  INFO 共获取 15 条回答ID
2021-12-26 19:01:50  INFO 已完成 15 条回答的采集工作！
2021-12-26 19:05:52  INFO 正在采集ID为 274962880 的问题的第 0 到 20 个回答ID
2021-12-26 19:06:27  INFO 正在采集ID为 274962880 的问题的第 20 到 40 个回答ID
2021-12-26 19:06:41  INFO 共获取 39 条回答ID
2021-12-26 19:09:07  INFO 已完成 39 条回答的采集工作！
2021-12-26 19:10:18  INFO 正在采集ID为 431793749 的问题的第 0 到 20 个回答ID
2021-12-26 19:10:36  INFO 正在采集ID为 431793749 的问题的第 20 到 40 个回答ID
2021-12-26 19:10:43  INFO 正在采集ID为 431793749 的问题的第 40 到 60 个回答ID
2021-12-26 19:10:44  INFO 正在采集ID为 431793749 的问题的第 60 到 80 个回答ID
2021-12-26 19:10:50  INFO 正在采集ID为 431793749 的问题的第 80 到 100 个回答ID
2021-12-26 19:10:50  INFO 共获取 82 条回答ID
2021-12-26 19:13:36  INFO 已完成对 82 条回答的采集工作！
2021-12-26 19:13:53 answer_spider.py [41] INFO 正在采集ID为 357670093 的问题的第 0 到 20 个回答ID
2021-12-26 19:14:00 answer_spider.py [41] INFO 正在采集ID为 357670093 的问题的第 20 到 40 个回答ID
2021-12-26 19:14:39 answer_spider.py [41] INFO 正在采集ID为 357670093 的问题的第 0 到 20 个回答ID
2021-12-26 19:14:40 answer_spider.py [41] INFO 正在采集ID为 357670093 的问题的第 20 到 40 个回答ID
2021-12-26 19:14:59 answer_spider.py [41] INFO 正在采集ID为 357670093 的问题的第 40 到 60 个回答ID
2021-12-26 19:15:19 answer_spider.py [55] INFO 共获取 44 条回答ID
2021-12-26 19:16:26 answer_spider.py [61] INFO 已完成对 44 条回答的采集工作！
2021-12-26 19:22:30 answer_spider.py [41] INFO 正在采集ID为 279789540 的问题的第 0 到 20 个回答ID
2021-12-26 19:24:46 answer_spider.py [41] INFO 正在采集ID为 279789540 的问题的第 0 到 20 个回答ID
2021-12-26 19:24:50 answer_spider.py [41] INFO 正在采集ID为 279789540 的问题的第 20 到 40 个回答ID
2021-12-26 19:24:53 answer_spider.py [41] INFO 正在采集ID为 279789540 的问题的第 40 到 60 个回答ID
2021-12-26 19:24:56 answer_spider.py [55] INFO 共获取 44 条回答ID
