2021-12-26 19:05:52  WARNING 发生未知错误，正在重新启动连接！
2021-12-26 19:05:58  WARNING 发生未知错误，正在重新启动连接！
2021-12-26 19:06:03  WARNING 发生未知错误，正在重新启动连接！
2021-12-26 19:06:09  WARNING 发生未知错误，正在重新启动连接！
2021-12-26 19:06:14  WARNING 发生未知错误，正在重新启动连接！
2021-12-26 19:06:21  WARNING 发生未知错误，正在重新启动连接！
2021-12-26 19:06:26  WARNING 发生未知错误，正在重新启动连接！
2021-12-26 19:06:34  WARNING 访问目标URL失败，返回 403 提示，正在重新启动连接！
2021-12-26 19:06:36  WARNING 发生未知错误，正在重新启动连接！
2021-12-26 19:06:40  WARNING 发生未知错误，正在重新启动连接！
2021-12-26 19:06:41  WARNING 访问目标URL失败，返回 302 提示，正在重新启动连接！
2021-12-26 19:06:47  WARNING 发生未知错误，正在重新启动连接！
2021-12-26 19:06:48  WARNING 发生未知错误，正在重新启动连接！
2021-12-26 19:06:51  WARNING 发生未知错误，正在重新启动连接！
2021-12-26 19:06:51  WARNING 发生未知错误，正在重新启动连接！
2021-12-26 19:06:53  WARNING 发生未知错误，正在重新启动连接！
2021-12-26 19:06:57  WARNING 发生未知错误，正在重新启动连接！
2021-12-26 19:07:03  WARNING 发生未知错误，正在重新启动连接！
2021-12-26 19:07:07  WARNING 访问目标URL失败，返回 302 提示，正在重新启动连接！
2021-12-26 19:07:09  WARNING 发生未知错误，正在重新启动连接！
2021-12-26 19:07:09  WARNING 发生未知错误，正在重新启动连接！
2021-12-26 19:07:12  WARNING 发生未知错误，正在重新启动连接！
2021-12-26 19:07:14  WARNING 发生未知错误，正在重新启动连接！
2021-12-26 19:07:15  WARNING 访问目标URL失败，返回 302 提示，正在重新启动连接！
2021-12-26 19:07:15  WARNING 发生未知错误，正在重新启动连接！
2021-12-26 19:07:15  WARNING 发生未知错误，正在重新启动连接！
2021-12-26 19:07:15  WARNING 发生未知错误，正在重新启动连接！
2021-12-26 19:07:20  WARNING 发生未知错误，正在重新启动连接！
2021-12-26 19:07:21  WARNING 发生未知错误，正在重新启动连接！
2021-12-26 19:07:23  WARNING 发生未知错误，正在重新启动连接！
2021-12-26 19:07:23  WARNING 发生未知错误，正在重新启动连接！
2021-12-26 19:07:26  WARNING 发生未知错误，正在重新启动连接！
2021-12-26 19:07:29  WARNING 访问目标URL失败，返回 302 提示，正在重新启动连接！
2021-12-26 19:07:29  WARNING 发生未知错误，正在重新启动连接！
2021-12-26 19:07:32  WARNING 发生未知错误，正在重新启动连接！
2021-12-26 19:07:35  WARNING 发生未知错误，正在重新启动连接！
2021-12-26 19:07:38  WARNING 发生未知错误，正在重新启动连接！
2021-12-26 19:07:43  WARNING 发生未知错误，正在重新启动连接！
2021-12-26 19:07:44  WARNING 发生未知错误，正在重新启动连接！
2021-12-26 19:07:45  WARNING 访问目标URL失败，返回 302 提示，正在重新启动连接！
2021-12-26 19:07:50  WARNING 发生未知错误，正在重新启动连接！
2021-12-26 19:07:50  WARNING 发生未知错误，正在重新启动连接！
2021-12-26 19:07:52  WARNING 发生未知错误，正在重新启动连接！
2021-12-26 19:07:56  WARNING 发生未知错误，正在重新启动连接！
2021-12-26 19:07:56  WARNING 访问目标URL失败，返回 302 提示，正在重新启动连接！
2021-12-26 19:07:58  WARNING 发生未知错误，正在重新启动连接！
2021-12-26 19:07:59  WARNING 发生未知错误，正在重新启动连接！
2021-12-26 19:08:03  WARNING 发生未知错误，正在重新启动连接！
2021-12-26 19:08:09  WARNING 发生未知错误，正在重新启动连接！
2021-12-26 19:08:12  WARNING 发生未知错误，正在重新启动连接！
2021-12-26 19:08:14  WARNING 发生未知错误，正在重新启动连接！
2021-12-26 19:08:15  WARNING 发生未知错误，正在重新启动连接！
2021-12-26 19:08:22  WARNING 发生未知错误，正在重新启动连接！
2021-12-26 19:08:22  WARNING 发生未知错误，正在重新启动连接！
2021-12-26 19:08:22  WARNING 发生未知错误，正在重新启动连接！
2021-12-26 19:08:23  WARNING 发生未知错误，正在重新启动连接！
2021-12-26 19:08:25  WARNING 访问目标URL失败，返回 302 提示，正在重新启动连接！
2021-12-26 19:08:26  WARNING 发生未知错误，正在重新启动连接！
2021-12-26 19:08:29  WARNING 发生未知错误，正在重新启动连接！
2021-12-26 19:08:30  WARNING 发生未知错误，正在重新启动连接！
2021-12-26 19:08:31  WARNING 发生未知错误，正在重新启动连接！
2021-12-26 19:08:34  WARNING 发生未知错误，正在重新启动连接！
2021-12-26 19:08:36  WARNING 发生未知错误，正在重新启动连接！
2021-12-26 19:08:36  WARNING 发生未知错误，正在重新启动连接！
2021-12-26 19:08:39  WARNING 发生未知错误，正在重新启动连接！
2021-12-26 19:08:40  WARNING 发生未知错误，正在重新启动连接！
2021-12-26 19:08:43  WARNING 发生未知错误，正在重新启动连接！
2021-12-26 19:08:49  WARNING 发生未知错误，正在重新启动连接！
2021-12-26 19:08:54  WARNING 发生未知错误，正在重新启动连接！
2021-12-26 19:08:54  WARNING 发生未知错误，正在重新启动连接！
2021-12-26 19:09:00  WARNING 发生未知错误，正在重新启动连接！
2021-12-26 19:09:00  WARNING 发生未知错误，正在重新启动连接！
2021-12-26 19:10:23  WARNING 访问 https://www.zhihu.com/api/v4/questions/431793749/answers?offset=0&limit=20 时发生未知错误，正在重新启动连接！
2021-12-26 19:10:24  WARNING 访问 https://www.zhihu.com/api/v4/questions/431793749/answers?offset=0&limit=20 时发生未知错误，正在重新启动连接！
2021-12-26 19:10:29  WARNING 访问 https://www.zhihu.com/api/v4/questions/431793749/answers?offset=0&limit=20 时发生未知错误，正在重新启动连接！
2021-12-26 19:10:41  WARNING 访问 https://www.zhihu.com/api/v4/questions/431793749/answers?offset=20&limit=20 时发生未知错误，正在重新启动连接！
2021-12-26 19:10:49  WARNING 访问 https://www.zhihu.com/api/v4/questions/431793749/answers?offset=60&limit=20 时发生未知错误，正在重新启动连接！
2021-12-26 19:10:49  WARNING 访问 https://www.zhihu.com/api/v4/questions/431793749/answers?offset=60&limit=20 时发生未知错误，正在重新启动连接！
2021-12-26 19:10:55  WARNING 访问 https://www.zhihu.com/question/431793749/answer/1673581787 时发生未知错误，正在重新启动连接！
2021-12-26 19:10:55  WARNING 访问 https://www.zhihu.com/question/431793749/answer/1617680384 时发生未知错误，正在重新启动连接！
2021-12-26 19:10:58  WARNING 访问 https://www.zhihu.com/question/431793749/answer/2003274648 时发生未知错误，正在重新启动连接！
2021-12-26 19:10:59  WARNING 访问 https://www.zhihu.com/question/431793749/answer/2003274648 时发生未知错误，正在重新启动连接！
2021-12-26 19:11:01  WARNING 访问 https://www.zhihu.com/question/431793749/answer/1673581787 时发生未知错误，正在重新启动连接！
2021-12-26 19:11:01  WARNING 访问 https://www.zhihu.com/question/431793749/answer/1617680384 时发生未知错误，正在重新启动连接！
2021-12-26 19:11:06  WARNING 访问 https://www.zhihu.com/question/431793749/answer/1673581787 时发生未知错误，正在重新启动连接！
2021-12-26 19:11:06  WARNING 访问 https://www.zhihu.com/question/431793749/answer/1617680384 时发生未知错误，正在重新启动连接！
2021-12-26 19:11:07  WARNING 访问 https://www.zhihu.com/question/431793749/answer/1673581787 时发生未知错误，正在重新启动连接！
2021-12-26 19:11:09  WARNING 访问 https://www.zhihu.com/question/431793749/answer/1634072465 时发生未知错误，正在重新启动连接！
2021-12-26 19:11:10  WARNING 访问 https://www.zhihu.com/question/431793749/answer/1675075563 时发生未知错误，正在重新启动连接！
2021-12-26 19:11:15  WARNING 访问 https://www.zhihu.com/question/431793749/answer/1608510100 时发生未知错误，正在重新启动连接！
2021-12-26 19:11:15  WARNING 访问 https://www.zhihu.com/question/431793749/answer/1659276176 失败，返回 302 提示，正在重新启动连接！
2021-12-26 19:11:21  WARNING 访问 https://www.zhihu.com/question/431793749/answer/1606095400 时发生未知错误，正在重新启动连接！
2021-12-26 19:11:24  WARNING 访问 https://www.zhihu.com/question/431793749/answer/1616551708 时发生未知错误，正在重新启动连接！
2021-12-26 19:11:44  WARNING 访问 https://www.zhihu.com/question/431793749/answer/1641262990 时发生未知错误，正在重新启动连接！
2021-12-26 19:11:49  WARNING 访问 https://www.zhihu.com/question/431793749/answer/1625580325 时发生未知错误，正在重新启动连接！
2021-12-26 19:11:51  WARNING 访问 https://www.zhihu.com/question/431793749/answer/1641262990 时发生未知错误，正在重新启动连接！
2021-12-26 19:11:56  WARNING 访问 https://www.zhihu.com/question/431793749/answer/1639737606 时发生未知错误，正在重新启动连接！
2021-12-26 19:11:57  WARNING 访问 https://www.zhihu.com/question/431793749/answer/1622083649 时发生未知错误，正在重新启动连接！
2021-12-26 19:11:58  WARNING 访问 https://www.zhihu.com/question/431793749/answer/1621563972 时发生未知错误，正在重新启动连接！
2021-12-26 19:11:59  WARNING 访问 https://www.zhihu.com/question/431793749/answer/1625163357 时发生未知错误，正在重新启动连接！
2021-12-26 19:12:03  WARNING 访问 https://www.zhihu.com/question/431793749/answer/1622083649 时发生未知错误，正在重新启动连接！
2021-12-26 19:12:03  WARNING 访问 https://www.zhihu.com/question/431793749/answer/1602024798 时发生未知错误，正在重新启动连接！
2021-12-26 19:12:04  WARNING 访问 https://www.zhihu.com/question/431793749/answer/1625163357 时发生未知错误，正在重新启动连接！
2021-12-26 19:12:09  WARNING 访问 https://www.zhihu.com/question/431793749/answer/1592777099 时发生未知错误，正在重新启动连接！
2021-12-26 19:12:11  WARNING 访问 https://www.zhihu.com/question/431793749/answer/1629272330 时发生未知错误，正在重新启动连接！
2021-12-26 19:12:19  WARNING 访问 https://www.zhihu.com/question/431793749/answer/1592777099 时发生未知错误，正在重新启动连接！
2021-12-26 19:12:19  WARNING 访问 https://www.zhihu.com/question/431793749/answer/1592777099 时发生未知错误，正在重新启动连接！
2021-12-26 19:12:19  WARNING 访问 https://www.zhihu.com/question/431793749/answer/1652364737 时发生未知错误，正在重新启动连接！
2021-12-26 19:12:24  WARNING 访问 https://www.zhihu.com/question/431793749/answer/1675787516 时发生未知错误，正在重新启动连接！
2021-12-26 19:12:25  WARNING 访问 https://www.zhihu.com/question/431793749/answer/1675787516 时发生未知错误，正在重新启动连接！
2021-12-26 19:12:30  WARNING 访问 https://www.zhihu.com/question/431793749/answer/1664544484 时发生未知错误，正在重新启动连接！
2021-12-26 19:12:31  WARNING 访问 https://www.zhihu.com/question/431793749/answer/1632909259 失败，返回 302 提示，正在重新启动连接！
2021-12-26 19:12:35  WARNING 访问 https://www.zhihu.com/question/431793749/answer/1613092108 时发生未知错误，正在重新启动连接！
2021-12-26 19:12:35  WARNING 访问 https://www.zhihu.com/question/431793749/answer/1635227861 时发生未知错误，正在重新启动连接！
2021-12-26 19:12:36  WARNING 访问 https://www.zhihu.com/question/431793749/answer/1664544484 时发生未知错误，正在重新启动连接！
2021-12-26 19:12:41  WARNING 访问 https://www.zhihu.com/question/431793749/answer/1664544484 时发生未知错误，正在重新启动连接！
2021-12-26 19:12:47  WARNING 访问 https://www.zhihu.com/question/431793749/answer/1664544484 时发生未知错误，正在重新启动连接！
2021-12-26 19:12:48  WARNING 访问 https://www.zhihu.com/question/431793749/answer/1629538366 时发生未知错误，正在重新启动连接！
2021-12-26 19:12:52  WARNING 访问 https://www.zhihu.com/question/431793749/answer/1620850851 时发生未知错误，正在重新启动连接！
2021-12-26 19:12:53  WARNING 访问 https://www.zhihu.com/question/431793749/answer/1620850851 时发生未知错误，正在重新启动连接！
2021-12-26 19:12:59  WARNING 访问 https://www.zhihu.com/question/431793749/answer/1659764424 时发生未知错误，正在重新启动连接！
2021-12-26 19:13:00  WARNING 访问 https://www.zhihu.com/question/431793749/answer/1594004066 时发生未知错误，正在重新启动连接！
2021-12-26 19:13:01  WARNING 访问 https://www.zhihu.com/question/431793749/answer/1594004066 时发生未知错误，正在重新启动连接！
2021-12-26 19:13:01  WARNING 访问 https://www.zhihu.com/question/431793749/answer/1626187322 时发生未知错误，正在重新启动连接！
2021-12-26 19:13:03  WARNING 访问 https://www.zhihu.com/question/431793749/answer/1672257694 时发生未知错误，正在重新启动连接！
2021-12-26 19:13:04  WARNING 访问 https://www.zhihu.com/question/431793749/answer/1672257694 时发生未知错误，正在重新启动连接！
2021-12-26 19:13:09  WARNING 访问 https://www.zhihu.com/question/431793749/answer/1655393557 时发生未知错误，正在重新启动连接！
2021-12-26 19:13:10  WARNING 访问 https://www.zhihu.com/question/431793749/answer/1672257694 失败，返回 302 提示，正在重新启动连接！
2021-12-26 19:13:16  WARNING 访问 https://www.zhihu.com/question/431793749/answer/1672257694 时发生未知错误，正在重新启动连接！
2021-12-26 19:13:16  WARNING 访问 https://www.zhihu.com/question/431793749/answer/1672257694 时发生未知错误，正在重新启动连接！
2021-12-26 19:13:18  WARNING 访问 https://www.zhihu.com/question/431793749/answer/1635078155 时发生未知错误，正在重新启动连接！
2021-12-26 19:13:25  WARNING 访问 https://www.zhihu.com/question/431793749/answer/1635078155 时发生未知错误，正在重新启动连接！
2021-12-26 19:14:00 web_request.py [53] WARNING 访问 https://www.zhihu.com/api/v4/questions/357670093/answers?offset=20&limit=20 时发生未知错误，正在重新启动连接！
2021-12-26 19:14:45 web_request.py [53] WARNING 访问 https://www.zhihu.com/api/v4/questions/357670093/answers?offset=20&limit=20 发生未知错误，正在重新连接！
2021-12-26 19:14:51 web_request.py [53] WARNING 访问 https://www.zhihu.com/api/v4/questions/357670093/answers?offset=20&limit=20 发生未知错误，正在重新连接！
2021-12-26 19:14:52 web_request.py [53] WARNING 访问 https://www.zhihu.com/api/v4/questions/357670093/answers?offset=20&limit=20 发生未知错误，正在重新连接！
2021-12-26 19:14:52 web_request.py [53] WARNING 访问 https://www.zhihu.com/api/v4/questions/357670093/answers?offset=20&limit=20 发生未知错误，正在重新连接！
2021-12-26 19:14:58 web_request.py [53] WARNING 访问 https://www.zhihu.com/api/v4/questions/357670093/answers?offset=20&limit=20 发生未知错误，正在重新连接！
2021-12-26 19:14:58 web_request.py [53] WARNING 访问 https://www.zhihu.com/api/v4/questions/357670093/answers?offset=20&limit=20 发生未知错误，正在重新连接！
2021-12-26 19:15:04 web_request.py [53] WARNING 访问 https://www.zhihu.com/api/v4/questions/357670093/answers?offset=40&limit=20 发生未知错误，正在重新连接！
2021-12-26 19:15:10 web_request.py [53] WARNING 访问 https://www.zhihu.com/api/v4/questions/357670093/answers?offset=40&limit=20 发生未知错误，正在重新连接！
2021-12-26 19:15:19 web_request.py [53] WARNING 访问 https://www.zhihu.com/api/v4/questions/357670093/answers?offset=40&limit=20 发生未知错误，正在重新连接！
2021-12-26 19:15:25 web_request.py [53] WARNING 访问 https://www.zhihu.com/question/357670093/answer/914017420 发生未知错误，正在重新连接！
2021-12-26 19:15:25 web_request.py [53] WARNING 访问 https://www.zhihu.com/question/357670093/answer/909796370 发生未知错误，正在重新连接！
2021-12-26 19:15:26 web_request.py [53] WARNING 访问 https://www.zhihu.com/question/357670093/answer/909796370 发生未知错误，正在重新连接！
2021-12-26 19:15:26 web_request.py [47] WARNING 访问 https://www.zhihu.com/question/357670093/answer/1258671199 失败，返回 302 提示，正在重新连接！
2021-12-26 19:15:30 web_request.py [53] WARNING 访问 https://www.zhihu.com/question/357670093/answer/909846957 发生未知错误，正在重新连接！
2021-12-26 19:15:31 web_request.py [53] WARNING 访问 https://www.zhihu.com/question/357670093/answer/2138825507 发生未知错误，正在重新连接！
2021-12-26 19:15:33 web_request.py [53] WARNING 访问 https://www.zhihu.com/question/357670093/answer/1258671199 发生未知错误，正在重新连接！
2021-12-26 19:15:34 web_request.py [53] WARNING 访问 https://www.zhihu.com/question/357670093/answer/1258671199 发生未知错误，正在重新连接！
2021-12-26 19:15:35 web_request.py [53] WARNING 访问 https://www.zhihu.com/question/357670093/answer/1258671199 发生未知错误，正在重新连接！
2021-12-26 19:15:35 web_request.py [53] WARNING 访问 https://www.zhihu.com/question/357670093/answer/909846957 发生未知错误，正在重新连接！
2021-12-26 19:15:37 web_request.py [53] WARNING 访问 https://www.zhihu.com/question/357670093/answer/1573970620 发生未知错误，正在重新连接！
2021-12-26 19:15:38 web_request.py [53] WARNING 访问 https://www.zhihu.com/question/357670093/answer/909722106 发生未知错误，正在重新连接！
2021-12-26 19:15:39 web_request.py [53] WARNING 访问 https://www.zhihu.com/question/357670093/answer/909637561 发生未知错误，正在重新连接！
2021-12-26 19:15:39 web_request.py [47] WARNING 访问 https://www.zhihu.com/question/357670093/answer/1258671199 失败，返回 302 提示，正在重新连接！
2021-12-26 19:15:44 web_request.py [53] WARNING 访问 https://www.zhihu.com/question/357670093/answer/909722106 发生未知错误，正在重新连接！
2021-12-26 19:15:44 web_request.py [53] WARNING 访问 https://www.zhihu.com/question/357670093/answer/1258671199 发生未知错误，正在重新连接！
2021-12-26 19:15:48 web_request.py [53] WARNING 访问 https://www.zhihu.com/question/357670093/answer/2172277116 发生未知错误，正在重新连接！
2021-12-26 19:15:50 web_request.py [53] WARNING 访问 https://www.zhihu.com/question/357670093/answer/1258671199 发生未知错误，正在重新连接！
2021-12-26 19:15:53 web_request.py [53] WARNING 访问 https://www.zhihu.com/question/357670093/answer/1259835457 发生未知错误，正在重新连接！
2021-12-26 19:15:55 web_request.py [53] WARNING 访问 https://www.zhihu.com/question/357670093/answer/1965629747 发生未知错误，正在重新连接！
2021-12-26 19:15:55 web_request.py [53] WARNING 访问 https://www.zhihu.com/question/357670093/answer/1965629747 发生未知错误，正在重新连接！
2021-12-26 19:16:02 web_request.py [53] WARNING 访问 https://www.zhihu.com/question/357670093/answer/1519483998 发生未知错误，正在重新连接！
2021-12-26 19:16:07 web_request.py [53] WARNING 访问 https://www.zhihu.com/question/357670093/answer/909338263 发生未知错误，正在重新连接！
2021-12-26 19:16:10 web_request.py [53] WARNING 访问 https://www.zhihu.com/question/357670093/answer/1520749122 发生未知错误，正在重新连接！
2021-12-26 19:16:11 web_request.py [53] WARNING 访问 https://www.zhihu.com/question/357670093/answer/1520749122 发生未知错误，正在重新连接！
2021-12-26 19:16:14 web_request.py [53] WARNING 访问 https://www.zhihu.com/question/357670093/answer/2142910681 发生未知错误，正在重新连接！
2021-12-26 19:16:16 web_request.py [53] WARNING 访问 https://www.zhihu.com/question/357670093/answer/1541331431 发生未知错误，正在重新连接！
2021-12-26 19:16:17 web_request.py [53] WARNING 访问 https://www.zhihu.com/question/357670093/answer/2268821809 发生未知错误，正在重新连接！
2021-12-26 19:16:18 web_request.py [53] WARNING 访问 https://www.zhihu.com/question/357670093/answer/1525529764 发生未知错误，正在重新连接！
2021-12-26 19:16:19 web_request.py [53] WARNING 访问 https://www.zhihu.com/question/357670093/answer/2268821809 发生未知错误，正在重新连接！
2021-12-26 19:16:19 web_request.py [53] WARNING 访问 https://www.zhihu.com/question/357670093/answer/2207156558 发生未知错误，正在重新连接！
2021-12-26 19:16:20 web_request.py [53] WARNING 访问 https://www.zhihu.com/question/357670093/answer/1525529764 发生未知错误，正在重新连接！
2021-12-26 19:22:36 web_request.py [54] WARNING 访问 https://www.zhihu.com/api/v4/questions/279789540/answers?offset=0&limit=20 发生未知错误，正在重新连接！
2021-12-26 19:22:45 web_request.py [54] WARNING 访问 https://www.zhihu.com/api/v4/questions/279789540/answers?offset=0&limit=20 发生未知错误，正在重新连接！
2021-12-26 19:24:57 web_request.py [53] WARNING 访问 https://www.zhihu.com/question/279789540/answer/409746269 发生未知错误，正在重新连接！
2021-12-26 19:25:02 web_request.py [53] WARNING 访问 https://www.zhihu.com/question/279789540/answer/409746269 发生未知错误，正在重新连接！
2021-12-26 19:25:25 web_request.py [53] WARNING 访问 https://www.zhihu.com/question/279789540/answer/409746269 发生未知错误，正在重新连接！
2021-12-26 19:25:33 web_request.py [53] WARNING 访问 https://www.zhihu.com/question/279789540/answer/410958903 发生未知错误，正在重新连接！
2021-12-26 19:25:40 web_request.py [53] WARNING 访问 https://www.zhihu.com/question/279789540/answer/409993464 发生未知错误，正在重新连接！
2021-12-26 19:25:45 web_request.py [53] WARNING 访问 https://www.zhihu.com/question/279789540/answer/409993464 发生未知错误，正在重新连接！
2021-12-26 19:25:58 web_request.py [53] WARNING 访问 https://www.zhihu.com/question/279789540/answer/411793949 发生未知错误，正在重新连接！
